SF:lib\main.dart
DA:6,0
DA:7,0
DA:12,1
DA:14,1
DA:15,1
DA:17,3
DA:18,1
LF:7
LH:5
end_of_record
SF:lib\widgets\secondary_action_button.dart
DA:7,1
DA:11,1
DA:13,1
DA:15,1
DA:16,1
DA:17,1
DA:21,1
DA:22,1
DA:23,1
DA:28,4
LF:10
LH:10
end_of_record
SF:lib\pages\main_page.dart
DA:12,2
DA:14,1
DA:16,1
DA:21,1
DA:23,1
DA:25,1
DA:26,1
DA:27,1
DA:31,1
DA:32,1
DA:33,1
DA:35,1
DA:40,2
DA:41,1
DA:42,2
DA:43,0
DA:45,1
DA:46,1
DA:49,0
DA:50,0
DA:53,1
DA:54,2
DA:55,1
DA:57,0
DA:58,0
DA:59,0
DA:66,1
DA:67,0
DA:68,0
DA:69,0
DA:70,0
DA:75,1
LF:32
LH:22
end_of_record
SF:lib\pages\statistics_page.dart
DA:6,0
DA:8,0
DA:10,0
DA:12,0
DA:13,0
DA:14,0
DA:15,0
DA:16,0
DA:17,0
DA:18,0
DA:20,0
DA:21,0
DA:23,0
DA:25,0
DA:26,0
LF:15
LH:0
end_of_record
SF:lib\fight_result.dart
DA:4,1
DA:10,0
DA:11,0
DA:13,0
DA:15,0
DA:20,0
DA:22,0
LF:7
LH:1
end_of_record
SF:lib\pages\fight_page.dart
DA:13,0
DA:15,0
DA:16,0
DA:33,0
DA:35,0
DA:37,0
DA:38,0
DA:39,0
DA:40,0
DA:42,0
DA:43,0
DA:45,0
DA:46,0
DA:49,0
DA:51,0
DA:53,0
DA:54,0
DA:55,0
DA:56,0
DA:62,0
DA:63,0
DA:64,0
DA:65,0
DA:66,0
DA:67,0
DA:68,0
DA:69,0
DA:72,0
DA:73,0
DA:74,0
DA:81,0
DA:82,0
DA:85,0
DA:92,0
DA:93,0
DA:94,0
DA:95,0
DA:96,0
DA:97,0
DA:98,0
DA:100,0
DA:103,0
DA:105,0
DA:107,0
DA:108,0
DA:111,0
DA:112,0
DA:113,0
DA:115,0
DA:116,0
DA:121,0
DA:122,0
DA:124,0
DA:126,0
DA:130,0
DA:131,0
DA:133,0
DA:134,0
DA:135,0
DA:139,0
DA:140,0
DA:143,0
DA:144,0
DA:148,0
DA:149,0
DA:152,0
DA:153,0
DA:164,0
DA:172,0
DA:174,0
DA:176,0
DA:177,0
DA:180,0
DA:181,0
DA:182,0
DA:183,0
DA:184,0
DA:185,0
DA:188,0
DA:190,0
DA:191,0
DA:193,0
DA:196,0
DA:198,0
DA:199,0
DA:201,0
DA:204,0
DA:206,0
DA:207,0
DA:212,0
DA:215,0
DA:216,0
DA:217,0
DA:218,0
DA:219,0
DA:220,0
DA:223,0
DA:225,0
DA:226,0
DA:228,0
DA:231,0
DA:233,0
DA:234,0
DA:236,0
DA:239,0
DA:241,0
DA:242,0
DA:247,0
DA:260,0
DA:265,0
DA:267,0
DA:269,0
DA:271,0
DA:272,0
DA:273,0
DA:275,0
DA:276,0
DA:277,0
DA:281,0
DA:282,0
DA:283,0
DA:284,0
DA:285,0
DA:290,0
DA:291,0
DA:297,0
DA:299,0
DA:300,0
DA:301,0
DA:302,0
DA:304,0
DA:305,0
DA:307,0
DA:308,0
DA:310,0
DA:317,0
DA:320,0
DA:321,0
DA:324,0
DA:325,0
DA:326,0
DA:329,0
DA:330,0
DA:332,0
DA:333,0
DA:335,0
DA:342,0
DA:343,0
DA:344,0
DA:358,0
DA:362,0
DA:363,0
DA:364,0
DA:365,0
DA:367,0
DA:369,0
DA:371,0
DA:372,0
DA:373,0
DA:374,0
DA:375,0
DA:376,0
DA:381,0
DA:382,0
DA:383,0
DA:384,0
DA:389,0
DA:397,1
DA:403,0
DA:405,0
DA:410,0
DA:411,0
DA:420,0
DA:425,0
DA:427,0
DA:429,0
DA:430,0
DA:431,0
DA:433,0
DA:434,0
DA:435,0
DA:436,0
DA:437,0
DA:442,0
DA:443,0
DA:444,0
DA:445,0
DA:446,0
LF:188
LH:1
end_of_record
SF:lib\resources\fight_club_icons.dart
DA:3,0
LF:1
LH:0
end_of_record
SF:lib\resources\fight_club_images.dart
DA:3,0
LF:1
LH:0
end_of_record
SF:lib\resources\fight_club_colors.dart
DA:6,0
LF:1
LH:0
end_of_record
SF:lib\widgets\action_button.dart
DA:10,1
DA:12,1
DA:14,1
DA:16,1
DA:17,1
DA:18,1
DA:19,1
DA:23,1
DA:24,2
DA:25,1
LF:10
LH:10
end_of_record
SF:lib\widgets\fight_result_widget.dart
DA:8,2
DA:10,1
DA:12,1
DA:14,1
DA:15,1
DA:16,1
DA:18,1
DA:19,1
DA:20,1
DA:24,1
DA:25,1
DA:26,1
DA:27,1
DA:28,1
DA:33,1
DA:34,1
DA:40,1
DA:42,1
DA:43,1
DA:44,1
DA:46,1
DA:47,1
DA:49,1
DA:56,1
DA:58,1
DA:60,1
DA:61,1
DA:62,1
DA:64,3
DA:65,1
DA:68,1
DA:69,1
DA:71,1
DA:72,1
DA:74,1
LF:35
LH:35
end_of_record
